Sep 03, 2022 10:46:22 PM Main main
INFO: Program start
Sep 03, 2022 10:46:24 PM Main <init>
INFO: Game window added
Sep 03, 2022 10:48:03 PM Main main
INFO: Program start
Sep 03, 2022 10:48:05 PM Main <init>
INFO: Game window added
Sep 03, 2022 10:48:57 PM Main main
INFO: Program start
Sep 03, 2022 10:48:59 PM Main <init>
INFO: Game window added
Sep 03, 2022 10:49:00 PM Main lambda$new$1
INFO: Musc1 play
Sep 03, 2022 10:51:52 PM Main main
INFO: Program start
Sep 03, 2022 10:51:54 PM Main <init>
INFO: Game window added
Sep 03, 2022 10:51:55 PM Main lambda$new$1
INFO: Musc2 play
Sep 03, 2022 10:54:08 PM Main <init>
INFO: Game window added
Sep 03, 2022 10:54:09 PM Main lambda$new$1
INFO: Musc1 play
Sep 03, 2022 10:54:26 PM Main <init>
INFO: Game window added
Sep 03, 2022 10:54:27 PM Main lambda$new$1
INFO: Musc2 play
Sep 03, 2022 10:54:49 PM Main lambda$new$1
INFO: Musc2 play
Sep 03, 2022 10:54:57 PM Main <init>
INFO: Game window added
Sep 03, 2022 10:54:58 PM Main lambda$new$1
INFO: Musc1 play
Sep 03, 2022 10:55:20 PM Main lambda$new$1
INFO: Musc1 play
Sep 03, 2022 11:18:32 PM Main <init>
INFO: Game window added
Sep 03, 2022 11:18:33 PM Main lambda$new$1
INFO: Musc1 play
Sep 03, 2022 11:18:42 PM Main <init>
INFO: Game window added
Sep 03, 2022 11:18:43 PM Main lambda$new$1
INFO: Musc1 play
Sep 03, 2022 11:19:04 PM Main lambda$new$1
INFO: Musc1 play
Sep 03, 2022 11:20:04 PM Main <init>
INFO: Game window added
Sep 03, 2022 11:20:05 PM Main lambda$new$1
INFO: Musc2 play
Sep 03, 2022 11:20:22 PM Main <init>
INFO: Game window added
Sep 03, 2022 11:20:23 PM Main lambda$new$1
INFO: Musc1 play
Sep 03, 2022 11:20:45 PM Main lambda$new$1
INFO: Musc1 play
Sep 03, 2022 11:21:07 PM Main lambda$new$1
INFO: Musc1 play
