Sep 03, 2022 10:29:39 PM Main main
INFO: Program start
Sep 03, 2022 10:29:41 PM Main <init>
INFO: Game window added
Sep 03, 2022 10:29:42 PM Main lambda$new$1
INFO: Musc2 play
Sep 03, 2022 10:33:28 PM Main main
INFO: Program start
Sep 03, 2022 10:33:30 PM Main <init>
INFO: Game window added
Sep 03, 2022 10:34:27 PM Main main
INFO: Program start
Sep 03, 2022 10:34:29 PM Main <init>
INFO: Game window added
Sep 03, 2022 10:34:34 PM Main main
INFO: Program start
Sep 03, 2022 10:34:36 PM Main <init>
INFO: Game window added
Sep 03, 2022 10:36:49 PM Main main
INFO: Program start
Sep 03, 2022 10:36:51 PM Main <init>
INFO: Game window added
Sep 03, 2022 10:36:59 PM Main main
INFO: Program start
Sep 03, 2022 10:37:01 PM Main <init>
INFO: Game window added
Sep 03, 2022 10:44:05 PM Main main
INFO: Program start
Sep 03, 2022 10:44:07 PM Main <init>
INFO: Game window added
